#
# There is insufficient memory for the Java Runtime Environment to continue.
# Native memory allocation (malloc) failed to allocate 1628976 bytes for Chunk::new
# Possible reasons:
#   The system is out of physical RAM or swap space
#   In 32 bit mode, the process size limit was hit
# Possible solutions:
#   Reduce memory load on the system
#   Increase physical memory or swap space
#   Check if swap backing store is full
#   Use 64 bit Java on a 64 bit OS
#   Decrease Java heap size (-Xmx/-Xms)
#   Decrease number of Java threads
#   Decrease Java thread stack sizes (-Xss)
#   Set larger code cache with -XX:ReservedCodeCacheSize=
# This output file may be truncated or incomplete.
#
#  Out of Memory Error (allocation.cpp:390), pid=46228, tid=0x00000000000097dc
#
# JRE version: OpenJDK Runtime Environment (8.0_152-b01) (build 1.8.0_152-release-1343-b01)
# Java VM: OpenJDK 64-Bit Server VM (25.152-b01 mixed mode windows-amd64 compressed oops)
# Failed to write core dump. Minidumps are not enabled by default on client versions of Windows
#

---------------  T H R E A D  ---------------

Current thread (0x000000001641d800):  JavaThread "C2 CompilerThread1" daemon [_thread_in_native, id=38876, stack(0x0000000017bb0000,0x0000000017cb0000)]

Stack: [0x0000000017bb0000,0x0000000017cb0000]
[error occurred during error reporting (printing stack bounds), id 0xc0000005]

Native frames: (J=compiled Java code, j=interpreted, Vv=VM code, C=native code)


Current CompileTask:
C2: 270793 17492   !   4       java.nio.file.Files::walkFileTree (355 bytes)


---------------  P R O C E S S  ---------------

Java Threads: ( => current thread )
  0x000000001eb33000 JavaThread "ForkJoinPool.commonPool-worker-1" daemon [_thread_blocked, id=18276, stack(0x00000000275e0000,0x00000000276e0000)]
  0x000000001eb34000 JavaThread "ForkJoinPool.commonPool-worker-0" daemon [_thread_blocked, id=6460, stack(0x0000000026a20000,0x0000000026b20000)]
  0x000000001eb3a000 JavaThread "ForkJoinPool.commonPool-worker-3" daemon [_thread_blocked, id=3016, stack(0x0000000026720000,0x0000000026820000)]
  0x000000001eb37000 JavaThread "Cache worker for Java compile cache (C:\Users\leoba\AndroidStudioProjects\motionlayout-master\TestMobileIntive\.gradle\5.1.1\javaCompile)" [_thread_blocked, id=17480, stack(0x00000000251e0000,0x00000000252e0000)]
  0x000000001f69f000 JavaThread "Cache worker for execution history cache (C:\Users\leoba\AndroidStudioProjects\motionlayout-master\TestMobileIntive\.gradle\5.1.1\executionHistory)" [_thread_blocked, id=9548, stack(0x00000000250e0000,0x00000000251e0000)]
  0x000000001f69e000 JavaThread "Execution worker for ':' Thread 3" [_thread_blocked, id=14956, stack(0x0000000024fe0000,0x00000000250e0000)]
  0x000000001f69c800 JavaThread "Execution worker for ':' Thread 2" [_thread_blocked, id=1532, stack(0x00000000238e0000,0x00000000239e0000)]
  0x000000001f6a0800 JavaThread "Execution worker for ':'" [_thread_blocked, id=16308, stack(0x00000000237e0000,0x00000000238e0000)]
  0x000000001f69f800 JavaThread "Cache worker for file content cache (C:\Users\leoba\AndroidStudioProjects\motionlayout-master\TestMobileIntive\.gradle\5.1.1\fileContent)" [_thread_blocked, id=12132, stack(0x0000000023ce0000,0x0000000023de0000)]
  0x000000001f69d800 JavaThread "Cache worker for Build Output Cleanup Cache (C:\Users\leoba\AndroidStudioProjects\motionlayout-master\TestMobileIntive\.gradle\buildOutputCleanup)" [_thread_blocked, id=15244, stack(0x00000000234e0000,0x00000000235e0000)]
  0x000000001f696000 JavaThread "Build operations Thread 4" [_thread_blocked, id=1552, stack(0x0000000021b90000,0x0000000021c90000)]
  0x000000001f699800 JavaThread "Build operations Thread 3" [_thread_blocked, id=1588, stack(0x0000000021a90000,0x0000000021b90000)]
  0x000000001f69a800 JavaThread "Build operations Thread 2" [_thread_blocked, id=11012, stack(0x0000000021990000,0x0000000021a90000)]
  0x000000001f69c000 JavaThread "Build operations" [_thread_blocked, id=1632, stack(0x0000000021890000,0x0000000021990000)]
  0x000000001f695000 JavaThread "Cache worker for cache directory md-rule (C:\Users\leoba\.gradle\caches\5.1.1\md-rule)" [_thread_blocked, id=13804, stack(0x0000000021350000,0x0000000021450000)]
  0x000000001f698000 JavaThread "Cache worker for cache directory md-supplier (C:\Users\leoba\.gradle\caches\5.1.1\md-supplier)" [_thread_blocked, id=72, stack(0x0000000021050000,0x0000000021150000)]
  0x000000001f69b000 JavaThread "Cache worker for file hash cache (C:\Users\leoba\AndroidStudioProjects\motionlayout-master\TestMobileIntive\.gradle\5.1.1\fileHashes)" [_thread_blocked, id=2872, stack(0x000000001fd20000,0x000000001fe20000)]
  0x000000001f694800 JavaThread "Thread-55" [_thread_blocked, id=17012, stack(0x000000001d1d0000,0x000000001d2d0000)]
  0x000000001f692000 JavaThread "Stdin handler" [_thread_blocked, id=808, stack(0x000000001ac30000,0x000000001ad30000)]
  0x000000001f697800 JavaThread "Asynchronous log dispatcher for DefaultDaemonConnection: socket connection from /127.0.0.1:65219 to /127.0.0.1:65304" [_thread_blocked, id=16856, stack(0x000000001a930000,0x000000001aa30000)]
  0x000000001f693800 JavaThread "Daemon worker Thread 3" [_thread_in_native, id=4192, stack(0x000000001a830000,0x000000001a930000)]
  0x000000001f693000 JavaThread "Cancel handler" [_thread_blocked, id=9372, stack(0x000000001a430000,0x000000001a530000)]
  0x000000001f699000 JavaThread "Handler for socket connection from /127.0.0.1:65219 to /127.0.0.1:65304" [_thread_in_native, id=11096, stack(0x0000000000d80000,0x0000000000e80000)]
  0x000000001f691800 JavaThread "Daemon Thread 3" [_thread_blocked, id=18480, stack(0x0000000000c80000,0x0000000000d80000)]
  0x000000001eb3c000 JavaThread "Cache worker for Java compile cache (C:\Users\leoba\.gradle\caches\5.1.1\javaCompile)" [_thread_blocked, id=38896, stack(0x0000000023be0000,0x0000000023ce0000)]
  0x000000001eb35800 JavaThread "Cache worker for file content cache (C:\Users\leoba\.gradle\caches\5.1.1\fileContent)" [_thread_blocked, id=32340, stack(0x00000000233e0000,0x00000000234e0000)]
  0x000000001eb36000 JavaThread "Memory manager" [_thread_blocked, id=36656, stack(0x0000000022090000,0x0000000022190000)]
  0x000000001eb31000 JavaThread "Cache worker for execution history cache (C:\Users\leoba\.gradle\caches\5.1.1\executionHistory)" [_thread_blocked, id=49392, stack(0x000000001fc20000,0x000000001fd20000)]
  0x00000000195ff000 JavaThread "Cache worker for journal cache (C:\Users\leoba\.gradle\caches\journal-1)" [_thread_blocked, id=15376, stack(0x000000001af30000,0x000000001b030000)]
  0x00000000195fd800 JavaThread "File lock request listener" [_thread_in_native, id=34324, stack(0x000000001ae30000,0x000000001af30000)]
  0x000000001956f000 JavaThread "Cache worker for file hash cache (C:\Users\leoba\.gradle\caches\5.1.1\fileHashes)" [_thread_blocked, id=50424, stack(0x000000001ad30000,0x000000001ae30000)]
  0x0000000019096000 JavaThread "Daemon periodic checks" [_thread_blocked, id=2336, stack(0x000000001a330000,0x000000001a430000)]
  0x000000001906f800 JavaThread "Incoming local TCP Connector on port 65219" [_thread_in_native, id=4176, stack(0x000000001a0c0000,0x000000001a1c0000)]
  0x000000001647c000 JavaThread "Service Thread" daemon [_thread_blocked, id=51824, stack(0x00000000181b0000,0x00000000182b0000)]
  0x0000000016429000 JavaThread "C1 CompilerThread2" daemon [_thread_blocked, id=44744, stack(0x0000000017cb0000,0x0000000017db0000)]
=>0x000000001641d800 JavaThread "C2 CompilerThread1" daemon [_thread_in_native, id=38876, stack(0x0000000017bb0000,0x0000000017cb0000)]
  0x000000001641a000 JavaThread "C2 CompilerThread0" daemon [_thread_blocked, id=49876, stack(0x0000000017ab0000,0x0000000017bb0000)]
  0x0000000016427800 JavaThread "Attach Listener" daemon [_thread_blocked, id=51240, stack(0x00000000179b0000,0x0000000017ab0000)]
  0x0000000016426800 JavaThread "Signal Dispatcher" daemon [_thread_blocked, id=7240, stack(0x00000000178b0000,0x00000000179b0000)]
  0x0000000002aad800 JavaThread "Finalizer" daemon [_thread_blocked, id=38760, stack(0x0000000017690000,0x0000000017790000)]
  0x0000000002aa2800 JavaThread "Reference Handler" daemon [_thread_blocked, id=36292, stack(0x0000000017590000,0x0000000017690000)]
  0x00000000029ae800 JavaThread "main" [_thread_blocked, id=4240, stack(0x00000000027b0000,0x00000000028b0000)]

Other Threads:
  0x00000000163e6000 VMThread [stack: 0x0000000017490000,0x0000000017590000] [id=50616]
  0x000000001647d000 WatcherThread [stack: 0x00000000182b0000,0x00000000183b0000] [id=4712]

VM state:not at safepoint (normal execution)

VM Mutex/Monitor currently owned by a thread: None

Heap:
 PSYoungGen      total 293376K, used 49499K [0x00000000e0000000, 0x00000000f5f00000, 0x0000000100000000)
  eden space 261120K, 9% used [0x00000000e0000000,0x00000000e17fd9c0,0x00000000eff00000)
  from space 32256K, 77% used [0x00000000eff00000,0x00000000f1759458,0x00000000f1e80000)
  to   space 33792K, 0% used [0x00000000f3e00000,0x00000000f3e00000,0x00000000f5f00000)
 ParOldGen       total 308224K, used 45468K [0x00000000a0000000, 0x00000000b2d00000, 0x00000000e0000000)
  object space 308224K, 14% used [0x00000000a0000000,0x00000000a2c673e0,0x00000000b2d00000)
 Metaspace       used 121086K, capacity 126772K, committed 127144K, reserved 1159168K
  class space    used 16044K, capacity 17201K, committed 17328K, reserved 1048576K

Card table byte_map: [0x0000000011e70000,0x0000000012180000] byte_map_base: 0x0000000011970000

Marking Bits: (ParMarkBitMap*) 0x0000000065ac5aa0
 Begin Bits: [0x0000000012780000, 0x0000000013f80000)
 End Bits:   [0x0000000013f80000, 0x0000000015780000)

Polling page: 0x0000000000fa0000

CodeCache: size=245760Kb used=48429Kb max_used=48440Kb free=197330Kb
 bounds [0x0000000002ab0000, 0x0000000005a30000, 0x0000000011ab0000]
 total_blobs=15786 nmethods=14909 adapters=788
 compilation: enabled

Compilation events (10 events):
Event: 270.738 Thread 0x000000001641a000 17577       4       java.nio.Buffer::hasRemaining (17 bytes)
Event: 270.739 Thread 0x000000001641a000 nmethod 17577 0x0000000005970bd0 code [0x0000000005970d00, 0x0000000005970d78]
Event: 270.739 Thread 0x000000001641a000 17551       4       java.lang.String::indexOf (25 bytes)
Event: 270.752 Thread 0x000000001641a000 nmethod 17551 0x0000000005a25e50 code [0x0000000005a25fa0, 0x0000000005a26478]
Event: 270.752 Thread 0x000000001641a000 17585       4       org.gradle.api.internal.file.pattern.HasSuffixPatternStep::matches (51 bytes)
Event: 270.775 Thread 0x000000001641a000 nmethod 17585 0x0000000005a20e10 code [0x0000000005a20f80, 0x0000000005a21718]
Event: 270.775 Thread 0x000000001641a000 17514       4       org.gradle.internal.hash.Hashing$DefaultHasher::hash (47 bytes)
Event: 270.780 Thread 0x000000001641a000 nmethod 17514 0x0000000005a2f010 code [0x0000000005a2f180, 0x0000000005a2f428]
Event: 270.780 Thread 0x000000001641a000 17512       4       org.gradle.internal.logging.progress.DefaultProgressLoggerFactory$ProgressLoggerImpl::assertCanConfigure (32 bytes)
Event: 270.781 Thread 0x000000001641a000 nmethod 17512 0x00000000058df5d0 code [0x00000000058df700, 0x00000000058df778]

GC Heap History (10 events):
Event: 160.005 GC heap before
{Heap before GC invocations=15 (full 3):
 PSYoungGen      total 238592K, used 85044K [0x00000000e0000000, 0x00000000f2400000, 0x0000000100000000)
  eden space 210432K, 27% used [0x00000000e0000000,0x00000000e3790df0,0x00000000ecd80000)
  from space 28160K, 99% used [0x00000000ecd80000,0x00000000ee8fc4c8,0x00000000ee900000)
  to   space 33792K, 0% used [0x00000000f0300000,0x00000000f0300000,0x00000000f2400000)
 ParOldGen       total 216064K, used 41176K [0x00000000a0000000, 0x00000000ad300000, 0x00000000e0000000)
  object space 216064K, 19% used [0x00000000a0000000,0x00000000a2836128,0x00000000ad300000)
 Metaspace       used 94687K, capacity 98456K, committed 98600K, reserved 1134592K
  class space    used 12479K, capacity 13241K, committed 13360K, reserved 1048576K
Event: 160.037 GC heap after
Heap after GC invocations=15 (full 3):
 PSYoungGen      total 266752K, used 14137K [0x00000000e0000000, 0x00000000f2900000, 0x0000000100000000)
  eden space 232960K, 0% used [0x00000000e0000000,0x00000000e0000000,0x00000000ee380000)
  from space 33792K, 41% used [0x00000000f0300000,0x00000000f10ce7c8,0x00000000f2400000)
  to   space 32256K, 0% used [0x00000000ee380000,0x00000000ee380000,0x00000000f0300000)
 ParOldGen       total 216064K, used 49760K [0x00000000a0000000, 0x00000000ad300000, 0x00000000e0000000)
  object space 216064K, 23% used [0x00000000a0000000,0x00000000a30983e0,0x00000000ad300000)
 Metaspace       used 94687K, capacity 98456K, committed 98600K, reserved 1134592K
  class space    used 12479K, capacity 13241K, committed 13360K, reserved 1048576K
}
Event: 160.037 GC heap before
{Heap before GC invocations=16 (full 4):
 PSYoungGen      total 266752K, used 14137K [0x00000000e0000000, 0x00000000f2900000, 0x0000000100000000)
  eden space 232960K, 0% used [0x00000000e0000000,0x00000000e0000000,0x00000000ee380000)
  from space 33792K, 41% used [0x00000000f0300000,0x00000000f10ce7c8,0x00000000f2400000)
  to   space 32256K, 0% used [0x00000000ee380000,0x00000000ee380000,0x00000000f0300000)
 ParOldGen       total 216064K, used 49760K [0x00000000a0000000, 0x00000000ad300000, 0x00000000e0000000)
  object space 216064K, 23% used [0x00000000a0000000,0x00000000a30983e0,0x00000000ad300000)
 Metaspace       used 94687K, capacity 98456K, committed 98600K, reserved 1134592K
  class space    used 12479K, capacity 13241K, committed 13360K, reserved 1048576K
Event: 160.326 GC heap after
Heap after GC invocations=16 (full 4):
 PSYoungGen      total 266752K, used 0K [0x00000000e0000000, 0x00000000f2900000, 0x0000000100000000)
  eden space 232960K, 0% used [0x00000000e0000000,0x00000000e0000000,0x00000000ee380000)
  from space 33792K, 0% used [0x00000000f0300000,0x00000000f0300000,0x00000000f2400000)
  to   space 32256K, 0% used [0x00000000ee380000,0x00000000ee380000,0x00000000f0300000)
 ParOldGen       total 308224K, used 45444K [0x00000000a0000000, 0x00000000b2d00000, 0x00000000e0000000)
  object space 308224K, 14% used [0x00000000a0000000,0x00000000a2c613e0,0x00000000b2d00000)
 Metaspace       used 94651K, capacity 98350K, committed 98600K, reserved 1134592K
  class space    used 12469K, capacity 13222K, committed 13360K, reserved 1048576K
}
Event: 164.759 GC heap before
{Heap before GC invocations=17 (full 4):
 PSYoungGen      total 266752K, used 232960K [0x00000000e0000000, 0x00000000f2900000, 0x0000000100000000)
  eden space 232960K, 100% used [0x00000000e0000000,0x00000000ee380000,0x00000000ee380000)
  from space 33792K, 0% used [0x00000000f0300000,0x00000000f0300000,0x00000000f2400000)
  to   space 32256K, 0% used [0x00000000ee380000,0x00000000ee380000,0x00000000f0300000)
 ParOldGen       total 308224K, used 45444K [0x00000000a0000000, 0x00000000b2d00000, 0x00000000e0000000)
  object space 308224K, 14% used [0x00000000a0000000,0x00000000a2c613e0,0x00000000b2d00000)
 Metaspace       used 105976K, capacity 110424K, committed 110760K, reserved 1144832K
  class space    used 14025K, capacity 14923K, committed 15024K, reserved 1048576K
Event: 164.783 GC heap after
Heap after GC invocations=17 (full 4):
 PSYoungGen      total 265216K, used 15328K [0x00000000e0000000, 0x00000000f4180000, 0x0000000100000000)
  eden space 232960K, 0% used [0x00000000e0000000,0x00000000e0000000,0x00000000ee380000)
  from space 32256K, 47% used [0x00000000ee380000,0x00000000ef2783d8,0x00000000f0300000)
  to   space 30720K, 0% used [0x00000000f2380000,0x00000000f2380000,0x00000000f4180000)
 ParOldGen       total 308224K, used 45452K [0x00000000a0000000, 0x00000000b2d00000, 0x00000000e0000000)
  object space 308224K, 14% used [0x00000000a0000000,0x00000000a2c633e0,0x00000000b2d00000)
 Metaspace       used 105976K, capacity 110424K, committed 110760K, reserved 1144832K
  class space    used 14025K, capacity 14923K, committed 15024K, reserved 1048576K
}
Event: 265.200 GC heap before
{Heap before GC invocations=18 (full 4):
 PSYoungGen      total 265216K, used 248288K [0x00000000e0000000, 0x00000000f4180000, 0x0000000100000000)
  eden space 232960K, 100% used [0x00000000e0000000,0x00000000ee380000,0x00000000ee380000)
  from space 32256K, 47% used [0x00000000ee380000,0x00000000ef2783d8,0x00000000f0300000)
  to   space 30720K, 0% used [0x00000000f2380000,0x00000000f2380000,0x00000000f4180000)
 ParOldGen       total 308224K, used 45452K [0x00000000a0000000, 0x00000000b2d00000, 0x00000000e0000000)
  object space 308224K, 14% used [0x00000000a0000000,0x00000000a2c633e0,0x00000000b2d00000)
 Metaspace       used 109808K, capacity 114806K, committed 114856K, reserved 1148928K
  class space    used 14493K, capacity 15496K, committed 15536K, reserved 1048576K
Event: 265.235 GC heap after
Heap after GC invocations=18 (full 4):
 PSYoungGen      total 288256K, used 24044K [0x00000000e0000000, 0x00000000f3e00000, 0x0000000100000000)
  eden space 261120K, 0% used [0x00000000e0000000,0x00000000e0000000,0x00000000eff00000)
  from space 27136K, 88% used [0x00000000f2380000,0x00000000f3afb3c8,0x00000000f3e00000)
  to   space 32256K, 0% used [0x00000000eff00000,0x00000000eff00000,0x00000000f1e80000)
 ParOldGen       total 308224K, used 45460K [0x00000000a0000000, 0x00000000b2d00000, 0x00000000e0000000)
  object space 308224K, 14% used [0x00000000a0000000,0x00000000a2c653e0,0x00000000b2d00000)
 Metaspace       used 109808K, capacity 114806K, committed 114856K, reserved 1148928K
  class space    used 14493K, capacity 15496K, committed 15536K, reserved 1048576K
}
Event: 270.119 GC heap before
{Heap before GC invocations=19 (full 4):
 PSYoungGen      total 288256K, used 285164K [0x00000000e0000000, 0x00000000f3e00000, 0x0000000100000000)
  eden space 261120K, 100% used [0x00000000e0000000,0x00000000eff00000,0x00000000eff00000)
  from space 27136K, 88% used [0x00000000f2380000,0x00000000f3afb3c8,0x00000000f3e00000)
  to   space 32256K, 0% used [0x00000000eff00000,0x00000000eff00000,0x00000000f1e80000)
 ParOldGen       total 308224K, used 45460K [0x00000000a0000000, 0x00000000b2d00000, 0x00000000e0000000)
  object space 308224K, 14% used [0x00000000a0000000,0x00000000a2c653e0,0x00000000b2d00000)
 Metaspace       used 121035K, capacity 126748K, committed 126760K, reserved 1159168K
  class space    used 16042K, capacity 17197K, committed 17200K, reserved 1048576K
Event: 270.155 GC heap after
Heap after GC invocations=19 (full 4):
 PSYoungGen      total 293376K, used 24933K [0x00000000e0000000, 0x00000000f5f00000, 0x0000000100000000)
  eden space 261120K, 0% used [0x00000000e0000000,0x00000000e0000000,0x00000000eff00000)
  from space 32256K, 77% used [0x00000000eff00000,0x00000000f1759458,0x00000000f1e80000)
  to   space 33792K, 0% used [0x00000000f3e00000,0x00000000f3e00000,0x00000000f5f00000)
 ParOldGen       total 308224K, used 45468K [0x00000000a0000000, 0x00000000b2d00000, 0x00000000e0000000)
  object space 308224K, 14% used [0x00000000a0000000,0x00000000a2c673e0,0x00000000b2d00000)
 Metaspace       used 121035K, capacity 126748K, committed 126760K, reserved 1159168K
  class space    used 16042K, capacity 17197K, committed 17200K, reserved 1048576K
}

Deoptimization events (10 events):
Event: 270.608 Thread 0x000000001eb3a000 Uncommon trap: reason=unstable_if action=reinterpret pc=0x0000000004dd3270 method=org.objectweb.asm.ClassVisitor.visitField(ILjava/lang/String;Ljava/lang/String;Ljava/lang/String;Ljava/lang/Object;)Lorg/objectweb/asm/FieldVisitor; @ 4
Event: 270.608 Thread 0x000000001eb3a000 Uncommon trap: reason=unstable_if action=reinterpret pc=0x0000000004dabc9c method=org.objectweb.asm.MethodVisitor.visitTypeInsn(ILjava/lang/String;)V @ 4
Event: 270.609 Thread 0x000000001eb3a000 Uncommon trap: reason=unstable_if action=reinterpret pc=0x000000000523fba8 method=org.objectweb.asm.MethodVisitor.visitFieldInsn(ILjava/lang/String;Ljava/lang/String;Ljava/lang/String;)V @ 4
Event: 270.609 Thread 0x000000001eb3a000 Uncommon trap: reason=unstable_if action=reinterpret pc=0x0000000004e09dd4 method=org.objectweb.asm.MethodVisitor.visitCode()V @ 4
Event: 270.609 Thread 0x000000001eb3a000 Uncommon trap: reason=unstable_if action=reinterpret pc=0x0000000004c2ed9c method=org.objectweb.asm.MethodVisitor.visitJumpInsn(ILorg/objectweb/asm/Label;)V @ 4
Event: 270.609 Thread 0x000000001eb3a000 Uncommon trap: reason=unstable_if action=reinterpret pc=0x0000000004e20b94 method=org.objectweb.asm.MethodVisitor.visitEnd()V @ 4
Event: 270.610 Thread 0x000000001eb3a000 Uncommon trap: reason=unstable_if action=reinterpret pc=0x0000000004dd6718 method=org.objectweb.asm.MethodVisitor.visitLdcInsn(Ljava/lang/Object;)V @ 4
Event: 270.611 Thread 0x000000001eb3a000 Uncommon trap: reason=predicate action=maybe_recompile pc=0x0000000005669b54 method=java.util.ComparableTimSort.binarySort([Ljava/lang/Object;III)V @ 37
Event: 270.655 Thread 0x000000001f693800 Uncommon trap: reason=bimorphic action=maybe_recompile pc=0x0000000002fd6328 method=org.gradle.internal.snapshot.impl.AbstractScalarValueSnapshot.equals(Ljava/lang/Object;)Z @ 37
Event: 270.690 Thread 0x000000001f693800 Uncommon trap: reason=bimorphic action=maybe_recompile pc=0x0000000002fd6328 method=org.gradle.internal.snapshot.impl.AbstractScalarValueSnapshot.equals(Ljava/lang/Object;)Z @ 37

Classes redefined (0 events):
No events

Internal exceptions (10 events):
Event: 167.388 Thread 0x000000001f698000 Exception <a 'sun/nio/fs/WindowsException'> (0x00000000eb2d81e0) thrown at [D:\src\AOSP-openjdk-cygwin\jdk8u\hotspot\src\share\vm\prims\jni.cpp, line 709]
Event: 167.473 Thread 0x000000001f696000 Exception <a 'java/lang/ClassNotFoundException': org/gradle/api/plugins/internal/DefaultJavaPluginConventionBeanInfo> (0x00000000eb59cf58) thrown at [D:\src\AOSP-openjdk-cygwin\jdk8u\hotspot\src\share\vm\classfile\systemDictionary.cpp, line 210]
Event: 167.473 Thread 0x000000001f696000 Exception <a 'java/lang/ClassNotFoundException': org/gradle/api/plugins/JavaPluginConventionBeanInfo> (0x00000000eb5da7e8) thrown at [D:\src\AOSP-openjdk-cygwin\jdk8u\hotspot\src\share\vm\classfile\systemDictionary.cpp, line 210]
Event: 167.474 Thread 0x000000001f696000 Exception <a 'java/lang/ClassNotFoundException': org/gradle/api/plugins/JavaPluginConventionCustomizer> (0x00000000eb619300) thrown at [D:\src\AOSP-openjdk-cygwin\jdk8u\hotspot\src\share\vm\classfile\systemDictionary.cpp, line 210]
Event: 167.476 Thread 0x000000001f696000 Exception <a 'java/lang/ClassNotFoundException': org/gradle/api/plugins/internal/DefaultJavaPluginConventionCustomizer> (0x00000000eb6817c0) thrown at [D:\src\AOSP-openjdk-cygwin\jdk8u\hotspot\src\share\vm\classfile\systemDictionary.cpp, line 210]
Event: 167.481 Thread 0x00000000195fc000 Exception <a 'java/lang/NoSuchMethodError': java.lang.Object.newSystemTemporaryDirectory()Lcom/android/tools/build/apkzlib/bytestorage/TemporaryDirectory;> (0x00000000eb6ddd98) thrown at [D:\src\AOSP-openjdk-cygwin\jdk8u\hotspot\src\share\vm\interpreter\l
Event: 167.481 Thread 0x000000001f696000 Exception <a 'java/lang/NoSuchMethodError': java.lang.Object.newSystemTemporaryDirectory()Lcom/android/tools/build/apkzlib/bytestorage/TemporaryDirectory;> (0x00000000eb6bc130) thrown at [D:\src\AOSP-openjdk-cygwin\jdk8u\hotspot\src\share\vm\interpreter\l
Event: 265.072 Thread 0x000000001f693800 Exception <a 'sun/nio/fs/WindowsException'> (0x00000000ede29a50) thrown at [D:\src\AOSP-openjdk-cygwin\jdk8u\hotspot\src\share\vm\prims\jni.cpp, line 709]
Event: 267.099 Thread 0x000000001f69e000 Exception <a 'java/lang/IncompatibleClassChangeError': Found class java.lang.Object, but interface was expected> (0x00000000e687c7d8) thrown at [D:\src\AOSP-openjdk-cygwin\jdk8u\hotspot\src\share\vm\interpreter\linkResolver.cpp, line 643]
Event: 268.394 Thread 0x000000001f69e000 Implicit null exception at 0x00000000057da13c to 0x00000000057da265

Events (10 events):
Event: 270.618 Executing VM operation: RevokeBias
Event: 270.618 Executing VM operation: RevokeBias done
Event: 270.655 Thread 0x000000001f693800 Uncommon trap: trap_request=0xffffffc6 fr.pc=0x0000000002fd6328
Event: 270.655 Thread 0x000000001f693800 DEOPT PACKING pc=0x0000000002fd6328 sp=0x000000001a92a9a0
Event: 270.655 Thread 0x000000001f693800 DEOPT UNPACKING pc=0x0000000002af557b sp=0x000000001a92a948 mode 2
Event: 270.683 Thread 0x000000001f69f000 DEOPT PACKING pc=0x000000000340328d sp=0x00000000251de210
Event: 270.684 Thread 0x000000001f69f000 DEOPT UNPACKING pc=0x0000000002af75d0 sp=0x00000000251ddf58 mode 0
Event: 270.690 Thread 0x000000001f693800 Uncommon trap: trap_request=0xffffffc6 fr.pc=0x0000000002fd6328
Event: 270.690 Thread 0x000000001f693800 DEOPT PACKING pc=0x0000000002fd6328 sp=0x000000001a92a9a0
Event: 270.690 Thread 0x000000001f693800 DEOPT UNPACKING pc=0x0000000002af557b sp=0x000000001a92a948 mode 2


Dynamic libraries:
0x00007ff6f78e0000 - 0x00007ff6f7911000 	C:\Program Files\Android\Android Studio\jre\bin\java.exe
0x00007ff869b20000 - 0x00007ff869d10000 	C:\WINDOWS\SYSTEM32\ntdll.dll
0x00007ff8687c0000 - 0x00007ff868872000 	C:\WINDOWS\System32\KERNEL32.DLL
0x00007ff867400000 - 0x00007ff8676a3000 	C:\WINDOWS\System32\KERNELBASE.dll
0x00007ff869a30000 - 0x00007ff869ad3000 	C:\WINDOWS\System32\ADVAPI32.dll
0x00007ff869440000 - 0x00007ff8694de000 	C:\WINDOWS\System32\msvcrt.dll
0x00007ff868640000 - 0x00007ff8686d7000 	C:\WINDOWS\System32\sechost.dll
0x00007ff869310000 - 0x00007ff869430000 	C:\WINDOWS\System32\RPCRT4.dll
0x00007ff867c30000 - 0x00007ff867dc3000 	C:\WINDOWS\System32\USER32.dll
0x00007ff8679a0000 - 0x00007ff8679c1000 	C:\WINDOWS\System32\win32u.dll
0x00007ff868de0000 - 0x00007ff868e06000 	C:\WINDOWS\System32\GDI32.dll
0x00007ff867760000 - 0x00007ff8678f4000 	C:\WINDOWS\System32\gdi32full.dll
0x00007ff867900000 - 0x00007ff86799e000 	C:\WINDOWS\System32\msvcp_win.dll
0x00007ff866b80000 - 0x00007ff866c7a000 	C:\WINDOWS\System32\ucrtbase.dll
0x00007ff85b310000 - 0x00007ff85b595000 	C:\WINDOWS\WinSxS\amd64_microsoft.windows.common-controls_6595b64144ccf1df_6.0.18362.356_none_e6c4af7d130f27cc\COMCTL32.dll
0x00007ff868f00000 - 0x00007ff869236000 	C:\WINDOWS\System32\combase.dll
0x00007ff8679d0000 - 0x00007ff867a50000 	C:\WINDOWS\System32\bcryptPrimitives.dll
0x00007ff868890000 - 0x00007ff8688be000 	C:\WINDOWS\System32\IMM32.DLL
0x0000000065140000 - 0x0000000065212000 	C:\Program Files\Android\Android Studio\jre\jre\bin\msvcr100.dll
0x0000000065300000 - 0x0000000065b41000 	C:\Program Files\Android\Android Studio\jre\jre\bin\server\jvm.dll
0x00007ff868880000 - 0x00007ff868888000 	C:\WINDOWS\System32\PSAPI.DLL
0x00007ff85aed0000 - 0x00007ff85aef4000 	C:\WINDOWS\SYSTEM32\WINMM.dll
0x00007ff85a5d0000 - 0x00007ff85a5d9000 	C:\WINDOWS\SYSTEM32\WSOCK32.dll
0x00007ff8606a0000 - 0x00007ff8606aa000 	C:\WINDOWS\SYSTEM32\VERSION.dll
0x00007ff8697d0000 - 0x00007ff86983f000 	C:\WINDOWS\System32\WS2_32.dll
0x00007ff85a0b0000 - 0x00007ff85a0dd000 	C:\WINDOWS\SYSTEM32\winmmbase.dll
0x00007ff866ab0000 - 0x00007ff866afa000 	C:\WINDOWS\System32\cfgmgr32.dll
0x00007ff8624c0000 - 0x00007ff8624cf000 	C:\Program Files\Android\Android Studio\jre\jre\bin\verify.dll
0x00007ff862210000 - 0x00007ff862239000 	C:\Program Files\Android\Android Studio\jre\jre\bin\java.dll
0x00007ff85c5a0000 - 0x00007ff85c5b6000 	C:\Program Files\Android\Android Studio\jre\jre\bin\zip.dll
0x00007ff867f50000 - 0x00007ff868635000 	C:\WINDOWS\System32\SHELL32.dll
0x00007ff867dd0000 - 0x00007ff867e79000 	C:\WINDOWS\System32\shcore.dll
0x00007ff866c80000 - 0x00007ff8673fe000 	C:\WINDOWS\System32\windows.storage.dll
0x00007ff866a40000 - 0x00007ff866a5f000 	C:\WINDOWS\System32\profapi.dll
0x00007ff866a60000 - 0x00007ff866aaa000 	C:\WINDOWS\System32\powrprof.dll
0x00007ff8669f0000 - 0x00007ff866a00000 	C:\WINDOWS\System32\UMPDC.dll
0x00007ff8686e0000 - 0x00007ff868732000 	C:\WINDOWS\System32\shlwapi.dll
0x00007ff866a00000 - 0x00007ff866a11000 	C:\WINDOWS\System32\kernel.appcore.dll
0x00007ff866b00000 - 0x00007ff866b17000 	C:\WINDOWS\System32\cryptsp.dll
0x00007ff85c580000 - 0x00007ff85c59a000 	C:\Program Files\Android\Android Studio\jre\jre\bin\net.dll
0x00007ff866200000 - 0x00007ff866267000 	C:\WINDOWS\system32\mswsock.dll
0x00007ff85a250000 - 0x00007ff85a261000 	C:\Program Files\Android\Android Studio\jre\jre\bin\nio.dll
0x00007ff850160000 - 0x00007ff85017e000 	C:\Users\leoba\.gradle\native\25\windows-amd64\native-platform.dll
0x00007ff862410000 - 0x00007ff86241d000 	C:\Program Files\Android\Android Studio\jre\jre\bin\management.dll
0x00007ff865d70000 - 0x00007ff865da3000 	C:\WINDOWS\system32\rsaenh.dll
0x00007ff867ba0000 - 0x00007ff867bc6000 	C:\WINDOWS\System32\bcrypt.dll
0x00007ff8668e0000 - 0x00007ff866905000 	C:\WINDOWS\SYSTEM32\USERENV.dll
0x00007ff8663d0000 - 0x00007ff8663dc000 	C:\WINDOWS\SYSTEM32\CRYPTBASE.dll
0x00007ff865f10000 - 0x00007ff865f4a000 	C:\WINDOWS\SYSTEM32\IPHLPAPI.DLL
0x00007ff869840000 - 0x00007ff869848000 	C:\WINDOWS\System32\NSI.dll
0x00007ff85e930000 - 0x00007ff85e946000 	C:\WINDOWS\SYSTEM32\dhcpcsvc6.DLL
0x00007ff8605a0000 - 0x00007ff8605bc000 	C:\WINDOWS\SYSTEM32\dhcpcsvc.DLL
0x00007ff865f50000 - 0x00007ff86601a000 	C:\WINDOWS\SYSTEM32\DNSAPI.dll

VM Arguments:
jvm_args: -Xmx1536m -Dfile.encoding=windows-1252 -Duser.country=ES -Duser.language=es -Duser.variant 
java_command: org.gradle.launcher.daemon.bootstrap.GradleDaemon 5.1.1
java_class_path (initial): C:\Users\leoba\.gradle\wrapper\dists\gradle-5.1.1-all\97z1ksx6lirer3kbvdnh7jtjg\gradle-5.1.1\lib\gradle-launcher-5.1.1.jar
Launcher Type: SUN_STANDARD

Environment Variables:
PATH=C:\Program Files (x86)\Intel\Intel(R) Management Engine Components\iCLS\;C:\Program Files\Intel\Intel(R) Management Engine Components\iCLS\;C:\WINDOWS\system32;C:\WINDOWS;C:\WINDOWS\System32\Wbem;C:\WINDOWS\System32\WindowsPowerShell\v1.0\;C:\Program Files (x86)\Intel\Intel(R) Management Engine Components\DAL;C:\Program Files\Intel\Intel(R) Management Engine Components\DAL;C:\Program Files (x86)\Intel\Intel(R) Management Engine Components\IPT;C:\Program Files\Intel\Intel(R) Management Engine Components\IPT;c:\Program Files (x86)\Microsoft SQL Server\100\Tools\Binn\;c:\Program Files\Microsoft SQL Server\100\Tools\Binn\;c:\Program Files\Microsoft SQL Server\100\DTS\Binn\;c:\Program Files (x86)\Microsoft SQL Server\100\Tools\Binn\VSShell\Common7\IDE\;c:\Program Files (x86)\Microsoft SQL Server\100\DTS\Binn\;C:\WINDOWS\system32\config\systemprofile\.dnx\bin;C:\Program Files\Microsoft DNX\Dnvm\;C:\Program Files\Microsoft SQL Server\130\Tools\Binn\;C:\WINDOWS\System32\OpenSSH\;C:\Users\leoba\AppData\Local\Microsoft\WindowsApps;
USERNAME=leoba
OS=Windows_NT
PROCESSOR_IDENTIFIER=Intel64 Family 6 Model 142 Stepping 10, GenuineIntel



---------------  S Y S T E M  ---------------

OS: Windows 10.0 , 64 bit Build 18362 (10.0.18362.329)

CPU:total 4 (initial active 4) (2 cores per cpu, 2 threads per core) family 6 model 142 stepping 10, cmov, cx8, fxsr, mmx, sse, sse2, sse3, ssse3, sse4.1, sse4.2, popcnt, avx, avx2, aes, clmul, erms, 3dnowpref, lzcnt, ht, tsc, tscinvbit, bmi1, bmi2, adx

Memory: 4k page, physical 12489868k(1900996k free), swap 12489868k(6172k free)

vm_info: OpenJDK 64-Bit Server VM (25.152-b01) for windows-amd64 JRE (1.8.0_152-release-1343-b01), built by "builder" with MS VC++ 10.0 (VS2010)

time: Mon Sep 23 01:59:42 2019
elapsed time: 270 seconds (0d 0h 4m 30s)

